2019-01-14 12:02:32.874 [main] ERROR org.springframework.web.context.ContextLoader - Context initialization failed org.springframework.beans.factory.BeanDefinitionStoreException: Unexpected exception parsing XML document from class path resource [spring-config.xml]; nested exception is org.springframework.context.annotation.ConflictingBeanDefinitionException: Annotation-specified bean name 'classifyServiceImpl' for bean class [com.bisa.health.shop.service.ClassifyServiceImpl] conflicts with existing, non-compatible bean definition of same name and class [com.bisa.health.shop.admin.service.ClassifyServiceImpl]
	at org.springframework.beans.factory.xml.XmlBeanDefinitionReader.doLoadBeanDefinitions(XmlBeanDefinitionReader.java:414) ~[spring-beans-4.2.8.RELEASE.jar:4.2.8.RELEASE]
	at org.springframework.beans.factory.xml.XmlBeanDefinitionReader.loadBeanDefinitions(XmlBeanDefinitionReader.java:336) ~[spring-beans-4.2.8.RELEASE.jar:4.2.8.RELEASE]
	at org.springframework.beans.factory.xml.XmlBeanDefinitionReader.loadBeanDefinitions(XmlBeanDefinitionReader.java:304) ~[spring-beans-4.2.8.RELEASE.jar:4.2.8.RELEASE]
	at org.springframework.beans.factory.support.AbstractBeanDefinitionReader.loadBeanDefinitions(AbstractBeanDefinitionReader.java:181) ~[spring-beans-4.2.8.RELEASE.jar:4.2.8.RELEASE]
	at org.springframework.beans.factory.support.AbstractBeanDefinitionReader.loadBeanDefinitions(AbstractBeanDefinitionReader.java:217) ~[spring-beans-4.2.8.RELEASE.jar:4.2.8.RELEASE]
	at org.springframework.beans.factory.support.AbstractBeanDefinitionReader.loadBeanDefinitions(AbstractBeanDefinitionReader.java:188) ~[spring-beans-4.2.8.RELEASE.jar:4.2.8.RELEASE]
	at org.springframework.web.context.support.XmlWebApplicationContext.loadBeanDefinitions(XmlWebApplicationContext.java:125) ~[spring-web-4.2.8.RELEASE.jar:4.2.8.RELEASE]
	at org.springframework.web.context.support.XmlWebApplicationContext.loadBeanDefinitions(XmlWebApplicationContext.java:94) ~[spring-web-4.2.8.RELEASE.jar:4.2.8.RELEASE]
	at org.springframework.context.support.AbstractRefreshableApplicationContext.refreshBeanFactory(AbstractRefreshableApplicationContext.java:129) ~[spring-context-4.2.8.RELEASE.jar:4.2.8.RELEASE]
	at org.springframework.context.support.AbstractApplicationContext.obtainFreshBeanFactory(AbstractApplicationContext.java:609) ~[spring-context-4.2.8.RELEASE.jar:4.2.8.RELEASE]
	at org.springframework.context.support.AbstractApplicationContext.refresh(AbstractApplicationContext.java:510) ~[spring-context-4.2.8.RELEASE.jar:4.2.8.RELEASE]
	at org.springframework.web.context.ContextLoader.configureAndRefreshWebApplicationContext(ContextLoader.java:444) ~[spring-web-4.2.8.RELEASE.jar:4.2.8.RELEASE]
	at org.springframework.web.context.ContextLoader.initWebApplicationContext(ContextLoader.java:326) [spring-web-4.2.8.RELEASE.jar:4.2.8.RELEASE]
	at org.springframework.web.context.ContextLoaderListener.contextInitialized(ContextLoaderListener.java:107) [spring-web-4.2.8.RELEASE.jar:4.2.8.RELEASE]
	at org.eclipse.jetty.server.handler.ContextHandler.callContextInitialized(ContextHandler.java:835) [jetty-server-9.3.6.v20151106.jar:9.3.6.v20151106]
	at org.eclipse.jetty.servlet.ServletContextHandler.callContextInitialized(ServletContextHandler.java:530) [jetty-servlet-9.3.6.v20151106.jar:9.3.6.v20151106]
	at org.eclipse.jetty.server.handler.ContextHandler.startContext(ContextHandler.java:808) [jetty-server-9.3.6.v20151106.jar:9.3.6.v20151106]
	at org.eclipse.jetty.servlet.ServletContextHandler.startContext(ServletContextHandler.java:342) [jetty-servlet-9.3.6.v20151106.jar:9.3.6.v20151106]
	at org.eclipse.jetty.webapp.WebAppContext.startWebapp(WebAppContext.java:1379) [jetty-webapp-9.3.6.v20151106.jar:9.3.6.v20151106]
	at org.eclipse.jetty.maven.plugin.JettyWebAppContext.startWebapp(JettyWebAppContext.java:323) [jetty-maven-plugin-9.3.6.v20151106.jar:9.3.6.v20151106]
	at org.eclipse.jetty.webapp.WebAppContext.startContext(WebAppContext.java:1341) [jetty-webapp-9.3.6.v20151106.jar:9.3.6.v20151106]
	at org.eclipse.jetty.server.handler.ContextHandler.doStart(ContextHandler.java:772) [jetty-server-9.3.6.v20151106.jar:9.3.6.v20151106]
	at org.eclipse.jetty.servlet.ServletContextHandler.doStart(ServletContextHandler.java:259) [jetty-servlet-9.3.6.v20151106.jar:9.3.6.v20151106]
	at org.eclipse.jetty.webapp.WebAppContext.doStart(WebAppContext.java:517) [jetty-webapp-9.3.6.v20151106.jar:9.3.6.v20151106]
	at org.eclipse.jetty.maven.plugin.JettyWebAppContext.doStart(JettyWebAppContext.java:398) [jetty-maven-plugin-9.3.6.v20151106.jar:9.3.6.v20151106]
	at org.eclipse.jetty.util.component.AbstractLifeCycle.start(AbstractLifeCycle.java:68) [jetty-util-9.3.6.v20151106.jar:9.3.6.v20151106]
	at org.eclipse.jetty.util.component.ContainerLifeCycle.start(ContainerLifeCycle.java:132) [jetty-util-9.3.6.v20151106.jar:9.3.6.v20151106]
	at org.eclipse.jetty.util.component.ContainerLifeCycle.doStart(ContainerLifeCycle.java:114) [jetty-util-9.3.6.v20151106.jar:9.3.6.v20151106]
	at org.eclipse.jetty.server.handler.AbstractHandler.doStart(AbstractHandler.java:61) [jetty-server-9.3.6.v20151106.jar:9.3.6.v20151106]
	at org.eclipse.jetty.server.handler.ContextHandlerCollection.doStart(ContextHandlerCollection.java:161) [jetty-server-9.3.6.v20151106.jar:9.3.6.v20151106]
	at org.eclipse.jetty.util.component.AbstractLifeCycle.start(AbstractLifeCycle.java:68) [jetty-util-9.3.6.v20151106.jar:9.3.6.v20151106]
	at org.eclipse.jetty.util.component.ContainerLifeCycle.start(ContainerLifeCycle.java:132) [jetty-util-9.3.6.v20151106.jar:9.3.6.v20151106]
	at org.eclipse.jetty.util.component.ContainerLifeCycle.doStart(ContainerLifeCycle.java:114) [jetty-util-9.3.6.v20151106.jar:9.3.6.v20151106]
	at org.eclipse.jetty.server.handler.AbstractHandler.doStart(AbstractHandler.java:61) [jetty-server-9.3.6.v20151106.jar:9.3.6.v20151106]
	at org.eclipse.jetty.util.component.AbstractLifeCycle.start(AbstractLifeCycle.java:68) [jetty-util-9.3.6.v20151106.jar:9.3.6.v20151106]
	at org.eclipse.jetty.util.component.ContainerLifeCycle.start(ContainerLifeCycle.java:132) [jetty-util-9.3.6.v20151106.jar:9.3.6.v20151106]
	at org.eclipse.jetty.server.Server.start(Server.java:405) [jetty-server-9.3.6.v20151106.jar:9.3.6.v20151106]
	at org.eclipse.jetty.util.component.ContainerLifeCycle.doStart(ContainerLifeCycle.java:106) [jetty-util-9.3.6.v20151106.jar:9.3.6.v20151106]
	at org.eclipse.jetty.server.handler.AbstractHandler.doStart(AbstractHandler.java:61) [jetty-server-9.3.6.v20151106.jar:9.3.6.v20151106]
	at org.eclipse.jetty.server.Server.doStart(Server.java:372) [jetty-server-9.3.6.v20151106.jar:9.3.6.v20151106]
	at org.eclipse.jetty.util.component.AbstractLifeCycle.start(AbstractLifeCycle.java:68) [jetty-util-9.3.6.v20151106.jar:9.3.6.v20151106]
	at org.eclipse.jetty.maven.plugin.AbstractJettyMojo.startJetty(AbstractJettyMojo.java:460) [jetty-maven-plugin-9.3.6.v20151106.jar:9.3.6.v20151106]
	at org.eclipse.jetty.maven.plugin.AbstractJettyMojo.execute(AbstractJettyMojo.java:328) [jetty-maven-plugin-9.3.6.v20151106.jar:9.3.6.v20151106]
	at org.eclipse.jetty.maven.plugin.JettyRunMojo.execute(JettyRunMojo.java:170) [jetty-maven-plugin-9.3.6.v20151106.jar:9.3.6.v20151106]
	at org.apache.maven.plugin.DefaultBuildPluginManager.executeMojo(DefaultBuildPluginManager.java:137) [maven-core-3.5.4.jar:3.5.4]
	at org.apache.maven.lifecycle.internal.MojoExecutor.execute(MojoExecutor.java:208) [maven-core-3.5.4.jar:3.5.4]
	at org.apache.maven.lifecycle.internal.MojoExecutor.execute(MojoExecutor.java:154) [maven-core-3.5.4.jar:3.5.4]
	at org.apache.maven.lifecycle.internal.MojoExecutor.execute(MojoExecutor.java:146) [maven-core-3.5.4.jar:3.5.4]
	at org.apache.maven.lifecycle.internal.LifecycleModuleBuilder.buildProject(LifecycleModuleBuilder.java:117) [maven-core-3.5.4.jar:3.5.4]
	at org.apache.maven.lifecycle.internal.LifecycleModuleBuilder.buildProject(LifecycleModuleBuilder.java:81) [maven-core-3.5.4.jar:3.5.4]
	at org.apache.maven.lifecycle.internal.builder.singlethreaded.SingleThreadedBuilder.build(SingleThreadedBuilder.java:56) [maven-core-3.5.4.jar:3.5.4]
	at org.apache.maven.lifecycle.internal.LifecycleStarter.execute(LifecycleStarter.java:128) [maven-core-3.5.4.jar:3.5.4]
	at org.apache.maven.DefaultMaven.doExecute(DefaultMaven.java:305) [maven-core-3.5.4.jar:3.5.4]
	at org.apache.maven.DefaultMaven.doExecute(DefaultMaven.java:192) [maven-core-3.5.4.jar:3.5.4]
	at org.apache.maven.DefaultMaven.execute(DefaultMaven.java:105) [maven-core-3.5.4.jar:3.5.4]
	at org.apache.maven.cli.MavenCli.execute(MavenCli.java:954) [maven-embedder-3.5.4.jar:3.5.4]
	at org.apache.maven.cli.MavenCli.doMain(MavenCli.java:288) [maven-embedder-3.5.4.jar:3.5.4]
	at org.apache.maven.cli.MavenCli.main(MavenCli.java:192) [maven-embedder-3.5.4.jar:3.5.4]
	at sun.reflect.NativeMethodAccessorImpl.invoke0(Native Method) ~[?:1.8.0_111]
	at sun.reflect.NativeMethodAccessorImpl.invoke(NativeMethodAccessorImpl.java:62) ~[?:1.8.0_111]
	at sun.reflect.DelegatingMethodAccessorImpl.invoke(DelegatingMethodAccessorImpl.java:43) ~[?:1.8.0_111]
	at java.lang.reflect.Method.invoke(Method.java:498) ~[?:1.8.0_111]
	at org.codehaus.plexus.classworlds.launcher.Launcher.launchEnhanced(Launcher.java:289) [plexus-classworlds-2.5.2.jar:?]
	at org.codehaus.plexus.classworlds.launcher.Launcher.launch(Launcher.java:229) [plexus-classworlds-2.5.2.jar:?]
	at org.codehaus.plexus.classworlds.launcher.Launcher.mainWithExitCode(Launcher.java:415) [plexus-classworlds-2.5.2.jar:?]
	at org.codehaus.plexus.classworlds.launcher.Launcher.main(Launcher.java:356) [plexus-classworlds-2.5.2.jar:?]
Caused by: org.springframework.context.annotation.ConflictingBeanDefinitionException: Annotation-specified bean name 'classifyServiceImpl' for bean class [com.bisa.health.shop.service.ClassifyServiceImpl] conflicts with existing, non-compatible bean definition of same name and class [com.bisa.health.shop.admin.service.ClassifyServiceImpl]
	at org.springframework.context.annotation.ClassPathBeanDefinitionScanner.checkCandidate(ClassPathBeanDefinitionScanner.java:320) ~[spring-context-4.2.8.RELEASE.jar:4.2.8.RELEASE]
	at org.springframework.context.annotation.ClassPathBeanDefinitionScanner.doScan(ClassPathBeanDefinitionScanner.java:259) ~[spring-context-4.2.8.RELEASE.jar:4.2.8.RELEASE]
	at org.springframework.context.annotation.ComponentScanBeanDefinitionParser.parse(ComponentScanBeanDefinitionParser.java:87) ~[spring-context-4.2.8.RELEASE.jar:4.2.8.RELEASE]
	at org.springframework.beans.factory.xml.NamespaceHandlerSupport.parse(NamespaceHandlerSupport.java:74) ~[spring-beans-4.2.8.RELEASE.jar:4.2.8.RELEASE]
	at org.springframework.beans.factory.xml.BeanDefinitionParserDelegate.parseCustomElement(BeanDefinitionParserDelegate.java:1411) ~[spring-beans-4.2.8.RELEASE.jar:4.2.8.RELEASE]
	at org.springframework.beans.factory.xml.BeanDefinitionParserDelegate.parseCustomElement(BeanDefinitionParserDelegate.java:1401) ~[spring-beans-4.2.8.RELEASE.jar:4.2.8.RELEASE]
	at org.springframework.beans.factory.xml.DefaultBeanDefinitionDocumentReader.parseBeanDefinitions(DefaultBeanDefinitionDocumentReader.java:168) ~[spring-beans-4.2.8.RELEASE.jar:4.2.8.RELEASE]
	at org.springframework.beans.factory.xml.DefaultBeanDefinitionDocumentReader.doRegisterBeanDefinitions(DefaultBeanDefinitionDocumentReader.java:138) ~[spring-beans-4.2.8.RELEASE.jar:4.2.8.RELEASE]
	at org.springframework.beans.factory.xml.DefaultBeanDefinitionDocumentReader.registerBeanDefinitions(DefaultBeanDefinitionDocumentReader.java:94) ~[spring-beans-4.2.8.RELEASE.jar:4.2.8.RELEASE]
	at org.springframework.beans.factory.xml.XmlBeanDefinitionReader.registerBeanDefinitions(XmlBeanDefinitionReader.java:508) ~[spring-beans-4.2.8.RELEASE.jar:4.2.8.RELEASE]
	at org.springframework.beans.factory.xml.XmlBeanDefinitionReader.doLoadBeanDefinitions(XmlBeanDefinitionReader.java:392) ~[spring-beans-4.2.8.RELEASE.jar:4.2.8.RELEASE]
	... 65 more

2019-01-14 12:07:33.335 [main] ERROR org.springframework.web.context.ContextLoader - Context initialization failed org.springframework.beans.factory.BeanDefinitionStoreException: Unexpected exception parsing XML document from class path resource [spring-config.xml]; nested exception is org.springframework.context.annotation.ConflictingBeanDefinitionException: Annotation-specified bean name 'comboServiceImpl' for bean class [com.bisa.health.shop.service.ComboServiceImpl] conflicts with existing, non-compatible bean definition of same name and class [com.bisa.health.shop.admin.service.ComboServiceImpl]
	at org.springframework.beans.factory.xml.XmlBeanDefinitionReader.doLoadBeanDefinitions(XmlBeanDefinitionReader.java:414) ~[spring-beans-4.2.8.RELEASE.jar:4.2.8.RELEASE]
	at org.springframework.beans.factory.xml.XmlBeanDefinitionReader.loadBeanDefinitions(XmlBeanDefinitionReader.java:336) ~[spring-beans-4.2.8.RELEASE.jar:4.2.8.RELEASE]
	at org.springframework.beans.factory.xml.XmlBeanDefinitionReader.loadBeanDefinitions(XmlBeanDefinitionReader.java:304) ~[spring-beans-4.2.8.RELEASE.jar:4.2.8.RELEASE]
	at org.springframework.beans.factory.support.AbstractBeanDefinitionReader.loadBeanDefinitions(AbstractBeanDefinitionReader.java:181) ~[spring-beans-4.2.8.RELEASE.jar:4.2.8.RELEASE]
	at org.springframework.beans.factory.support.AbstractBeanDefinitionReader.loadBeanDefinitions(AbstractBeanDefinitionReader.java:217) ~[spring-beans-4.2.8.RELEASE.jar:4.2.8.RELEASE]
	at org.springframework.beans.factory.support.AbstractBeanDefinitionReader.loadBeanDefinitions(AbstractBeanDefinitionReader.java:188) ~[spring-beans-4.2.8.RELEASE.jar:4.2.8.RELEASE]
	at org.springframework.web.context.support.XmlWebApplicationContext.loadBeanDefinitions(XmlWebApplicationContext.java:125) ~[spring-web-4.2.8.RELEASE.jar:4.2.8.RELEASE]
	at org.springframework.web.context.support.XmlWebApplicationContext.loadBeanDefinitions(XmlWebApplicationContext.java:94) ~[spring-web-4.2.8.RELEASE.jar:4.2.8.RELEASE]
	at org.springframework.context.support.AbstractRefreshableApplicationContext.refreshBeanFactory(AbstractRefreshableApplicationContext.java:129) ~[spring-context-4.2.8.RELEASE.jar:4.2.8.RELEASE]
	at org.springframework.context.support.AbstractApplicationContext.obtainFreshBeanFactory(AbstractApplicationContext.java:609) ~[spring-context-4.2.8.RELEASE.jar:4.2.8.RELEASE]
	at org.springframework.context.support.AbstractApplicationContext.refresh(AbstractApplicationContext.java:510) ~[spring-context-4.2.8.RELEASE.jar:4.2.8.RELEASE]
	at org.springframework.web.context.ContextLoader.configureAndRefreshWebApplicationContext(ContextLoader.java:444) ~[spring-web-4.2.8.RELEASE.jar:4.2.8.RELEASE]
	at org.springframework.web.context.ContextLoader.initWebApplicationContext(ContextLoader.java:326) [spring-web-4.2.8.RELEASE.jar:4.2.8.RELEASE]
	at org.springframework.web.context.ContextLoaderListener.contextInitialized(ContextLoaderListener.java:107) [spring-web-4.2.8.RELEASE.jar:4.2.8.RELEASE]
	at org.eclipse.jetty.server.handler.ContextHandler.callContextInitialized(ContextHandler.java:835) [jetty-server-9.3.6.v20151106.jar:9.3.6.v20151106]
	at org.eclipse.jetty.servlet.ServletContextHandler.callContextInitialized(ServletContextHandler.java:530) [jetty-servlet-9.3.6.v20151106.jar:9.3.6.v20151106]
	at org.eclipse.jetty.server.handler.ContextHandler.startContext(ContextHandler.java:808) [jetty-server-9.3.6.v20151106.jar:9.3.6.v20151106]
	at org.eclipse.jetty.servlet.ServletContextHandler.startContext(ServletContextHandler.java:342) [jetty-servlet-9.3.6.v20151106.jar:9.3.6.v20151106]
	at org.eclipse.jetty.webapp.WebAppContext.startWebapp(WebAppContext.java:1379) [jetty-webapp-9.3.6.v20151106.jar:9.3.6.v20151106]
	at org.eclipse.jetty.maven.plugin.JettyWebAppContext.startWebapp(JettyWebAppContext.java:323) [jetty-maven-plugin-9.3.6.v20151106.jar:9.3.6.v20151106]
	at org.eclipse.jetty.webapp.WebAppContext.startContext(WebAppContext.java:1341) [jetty-webapp-9.3.6.v20151106.jar:9.3.6.v20151106]
	at org.eclipse.jetty.server.handler.ContextHandler.doStart(ContextHandler.java:772) [jetty-server-9.3.6.v20151106.jar:9.3.6.v20151106]
	at org.eclipse.jetty.servlet.ServletContextHandler.doStart(ServletContextHandler.java:259) [jetty-servlet-9.3.6.v20151106.jar:9.3.6.v20151106]
	at org.eclipse.jetty.webapp.WebAppContext.doStart(WebAppContext.java:517) [jetty-webapp-9.3.6.v20151106.jar:9.3.6.v20151106]
	at org.eclipse.jetty.maven.plugin.JettyWebAppContext.doStart(JettyWebAppContext.java:398) [jetty-maven-plugin-9.3.6.v20151106.jar:9.3.6.v20151106]
	at org.eclipse.jetty.util.component.AbstractLifeCycle.start(AbstractLifeCycle.java:68) [jetty-util-9.3.6.v20151106.jar:9.3.6.v20151106]
	at org.eclipse.jetty.util.component.ContainerLifeCycle.start(ContainerLifeCycle.java:132) [jetty-util-9.3.6.v20151106.jar:9.3.6.v20151106]
	at org.eclipse.jetty.util.component.ContainerLifeCycle.doStart(ContainerLifeCycle.java:114) [jetty-util-9.3.6.v20151106.jar:9.3.6.v20151106]
	at org.eclipse.jetty.server.handler.AbstractHandler.doStart(AbstractHandler.java:61) [jetty-server-9.3.6.v20151106.jar:9.3.6.v20151106]
	at org.eclipse.jetty.server.handler.ContextHandlerCollection.doStart(ContextHandlerCollection.java:161) [jetty-server-9.3.6.v20151106.jar:9.3.6.v20151106]
	at org.eclipse.jetty.util.component.AbstractLifeCycle.start(AbstractLifeCycle.java:68) [jetty-util-9.3.6.v20151106.jar:9.3.6.v20151106]
	at org.eclipse.jetty.util.component.ContainerLifeCycle.start(ContainerLifeCycle.java:132) [jetty-util-9.3.6.v20151106.jar:9.3.6.v20151106]
	at org.eclipse.jetty.util.component.ContainerLifeCycle.doStart(ContainerLifeCycle.java:114) [jetty-util-9.3.6.v20151106.jar:9.3.6.v20151106]
	at org.eclipse.jetty.server.handler.AbstractHandler.doStart(AbstractHandler.java:61) [jetty-server-9.3.6.v20151106.jar:9.3.6.v20151106]
	at org.eclipse.jetty.util.component.AbstractLifeCycle.start(AbstractLifeCycle.java:68) [jetty-util-9.3.6.v20151106.jar:9.3.6.v20151106]
	at org.eclipse.jetty.util.component.ContainerLifeCycle.start(ContainerLifeCycle.java:132) [jetty-util-9.3.6.v20151106.jar:9.3.6.v20151106]
	at org.eclipse.jetty.server.Server.start(Server.java:405) [jetty-server-9.3.6.v20151106.jar:9.3.6.v20151106]
	at org.eclipse.jetty.util.component.ContainerLifeCycle.doStart(ContainerLifeCycle.java:106) [jetty-util-9.3.6.v20151106.jar:9.3.6.v20151106]
	at org.eclipse.jetty.server.handler.AbstractHandler.doStart(AbstractHandler.java:61) [jetty-server-9.3.6.v20151106.jar:9.3.6.v20151106]
	at org.eclipse.jetty.server.Server.doStart(Server.java:372) [jetty-server-9.3.6.v20151106.jar:9.3.6.v20151106]
	at org.eclipse.jetty.util.component.AbstractLifeCycle.start(AbstractLifeCycle.java:68) [jetty-util-9.3.6.v20151106.jar:9.3.6.v20151106]
	at org.eclipse.jetty.maven.plugin.AbstractJettyMojo.startJetty(AbstractJettyMojo.java:460) [jetty-maven-plugin-9.3.6.v20151106.jar:9.3.6.v20151106]
	at org.eclipse.jetty.maven.plugin.AbstractJettyMojo.execute(AbstractJettyMojo.java:328) [jetty-maven-plugin-9.3.6.v20151106.jar:9.3.6.v20151106]
	at org.eclipse.jetty.maven.plugin.JettyRunMojo.execute(JettyRunMojo.java:170) [jetty-maven-plugin-9.3.6.v20151106.jar:9.3.6.v20151106]
	at org.apache.maven.plugin.DefaultBuildPluginManager.executeMojo(DefaultBuildPluginManager.java:137) [maven-core-3.5.4.jar:3.5.4]
	at org.apache.maven.lifecycle.internal.MojoExecutor.execute(MojoExecutor.java:208) [maven-core-3.5.4.jar:3.5.4]
	at org.apache.maven.lifecycle.internal.MojoExecutor.execute(MojoExecutor.java:154) [maven-core-3.5.4.jar:3.5.4]
	at org.apache.maven.lifecycle.internal.MojoExecutor.execute(MojoExecutor.java:146) [maven-core-3.5.4.jar:3.5.4]
	at org.apache.maven.lifecycle.internal.LifecycleModuleBuilder.buildProject(LifecycleModuleBuilder.java:117) [maven-core-3.5.4.jar:3.5.4]
	at org.apache.maven.lifecycle.internal.LifecycleModuleBuilder.buildProject(LifecycleModuleBuilder.java:81) [maven-core-3.5.4.jar:3.5.4]
	at org.apache.maven.lifecycle.internal.builder.singlethreaded.SingleThreadedBuilder.build(SingleThreadedBuilder.java:56) [maven-core-3.5.4.jar:3.5.4]
	at org.apache.maven.lifecycle.internal.LifecycleStarter.execute(LifecycleStarter.java:128) [maven-core-3.5.4.jar:3.5.4]
	at org.apache.maven.DefaultMaven.doExecute(DefaultMaven.java:305) [maven-core-3.5.4.jar:3.5.4]
	at org.apache.maven.DefaultMaven.doExecute(DefaultMaven.java:192) [maven-core-3.5.4.jar:3.5.4]
	at org.apache.maven.DefaultMaven.execute(DefaultMaven.java:105) [maven-core-3.5.4.jar:3.5.4]
	at org.apache.maven.cli.MavenCli.execute(MavenCli.java:954) [maven-embedder-3.5.4.jar:3.5.4]
	at org.apache.maven.cli.MavenCli.doMain(MavenCli.java:288) [maven-embedder-3.5.4.jar:3.5.4]
	at org.apache.maven.cli.MavenCli.main(MavenCli.java:192) [maven-embedder-3.5.4.jar:3.5.4]
	at sun.reflect.NativeMethodAccessorImpl.invoke0(Native Method) ~[?:1.8.0_111]
	at sun.reflect.NativeMethodAccessorImpl.invoke(NativeMethodAccessorImpl.java:62) ~[?:1.8.0_111]
	at sun.reflect.DelegatingMethodAccessorImpl.invoke(DelegatingMethodAccessorImpl.java:43) ~[?:1.8.0_111]
	at java.lang.reflect.Method.invoke(Method.java:498) ~[?:1.8.0_111]
	at org.codehaus.plexus.classworlds.launcher.Launcher.launchEnhanced(Launcher.java:289) [plexus-classworlds-2.5.2.jar:?]
	at org.codehaus.plexus.classworlds.launcher.Launcher.launch(Launcher.java:229) [plexus-classworlds-2.5.2.jar:?]
	at org.codehaus.plexus.classworlds.launcher.Launcher.mainWithExitCode(Launcher.java:415) [plexus-classworlds-2.5.2.jar:?]
	at org.codehaus.plexus.classworlds.launcher.Launcher.main(Launcher.java:356) [plexus-classworlds-2.5.2.jar:?]
Caused by: org.springframework.context.annotation.ConflictingBeanDefinitionException: Annotation-specified bean name 'comboServiceImpl' for bean class [com.bisa.health.shop.service.ComboServiceImpl] conflicts with existing, non-compatible bean definition of same name and class [com.bisa.health.shop.admin.service.ComboServiceImpl]
	at org.springframework.context.annotation.ClassPathBeanDefinitionScanner.checkCandidate(ClassPathBeanDefinitionScanner.java:320) ~[spring-context-4.2.8.RELEASE.jar:4.2.8.RELEASE]
	at org.springframework.context.annotation.ClassPathBeanDefinitionScanner.doScan(ClassPathBeanDefinitionScanner.java:259) ~[spring-context-4.2.8.RELEASE.jar:4.2.8.RELEASE]
	at org.springframework.context.annotation.ComponentScanBeanDefinitionParser.parse(ComponentScanBeanDefinitionParser.java:87) ~[spring-context-4.2.8.RELEASE.jar:4.2.8.RELEASE]
	at org.springframework.beans.factory.xml.NamespaceHandlerSupport.parse(NamespaceHandlerSupport.java:74) ~[spring-beans-4.2.8.RELEASE.jar:4.2.8.RELEASE]
	at org.springframework.beans.factory.xml.BeanDefinitionParserDelegate.parseCustomElement(BeanDefinitionParserDelegate.java:1411) ~[spring-beans-4.2.8.RELEASE.jar:4.2.8.RELEASE]
	at org.springframework.beans.factory.xml.BeanDefinitionParserDelegate.parseCustomElement(BeanDefinitionParserDelegate.java:1401) ~[spring-beans-4.2.8.RELEASE.jar:4.2.8.RELEASE]
	at org.springframework.beans.factory.xml.DefaultBeanDefinitionDocumentReader.parseBeanDefinitions(DefaultBeanDefinitionDocumentReader.java:168) ~[spring-beans-4.2.8.RELEASE.jar:4.2.8.RELEASE]
	at org.springframework.beans.factory.xml.DefaultBeanDefinitionDocumentReader.doRegisterBeanDefinitions(DefaultBeanDefinitionDocumentReader.java:138) ~[spring-beans-4.2.8.RELEASE.jar:4.2.8.RELEASE]
	at org.springframework.beans.factory.xml.DefaultBeanDefinitionDocumentReader.registerBeanDefinitions(DefaultBeanDefinitionDocumentReader.java:94) ~[spring-beans-4.2.8.RELEASE.jar:4.2.8.RELEASE]
	at org.springframework.beans.factory.xml.XmlBeanDefinitionReader.registerBeanDefinitions(XmlBeanDefinitionReader.java:508) ~[spring-beans-4.2.8.RELEASE.jar:4.2.8.RELEASE]
	at org.springframework.beans.factory.xml.XmlBeanDefinitionReader.doLoadBeanDefinitions(XmlBeanDefinitionReader.java:392) ~[spring-beans-4.2.8.RELEASE.jar:4.2.8.RELEASE]
	... 65 more

2019-01-14 12:12:30.030 [main] ERROR org.springframework.web.context.ContextLoader - Context initialization failed org.springframework.beans.factory.BeanDefinitionStoreException: Unexpected exception parsing XML document from class path resource [spring-config.xml]; nested exception is org.springframework.context.annotation.ConflictingBeanDefinitionException: Annotation-specified bean name 'newsServiceImpl' for bean class [com.bisa.health.shop.service.NewsServiceImpl] conflicts with existing, non-compatible bean definition of same name and class [com.bisa.health.shop.admin.service.NewsServiceImpl]
	at org.springframework.beans.factory.xml.XmlBeanDefinitionReader.doLoadBeanDefinitions(XmlBeanDefinitionReader.java:414) ~[spring-beans-4.2.8.RELEASE.jar:4.2.8.RELEASE]
	at org.springframework.beans.factory.xml.XmlBeanDefinitionReader.loadBeanDefinitions(XmlBeanDefinitionReader.java:336) ~[spring-beans-4.2.8.RELEASE.jar:4.2.8.RELEASE]
	at org.springframework.beans.factory.xml.XmlBeanDefinitionReader.loadBeanDefinitions(XmlBeanDefinitionReader.java:304) ~[spring-beans-4.2.8.RELEASE.jar:4.2.8.RELEASE]
	at org.springframework.beans.factory.support.AbstractBeanDefinitionReader.loadBeanDefinitions(AbstractBeanDefinitionReader.java:181) ~[spring-beans-4.2.8.RELEASE.jar:4.2.8.RELEASE]
	at org.springframework.beans.factory.support.AbstractBeanDefinitionReader.loadBeanDefinitions(AbstractBeanDefinitionReader.java:217) ~[spring-beans-4.2.8.RELEASE.jar:4.2.8.RELEASE]
	at org.springframework.beans.factory.support.AbstractBeanDefinitionReader.loadBeanDefinitions(AbstractBeanDefinitionReader.java:188) ~[spring-beans-4.2.8.RELEASE.jar:4.2.8.RELEASE]
	at org.springframework.web.context.support.XmlWebApplicationContext.loadBeanDefinitions(XmlWebApplicationContext.java:125) ~[spring-web-4.2.8.RELEASE.jar:4.2.8.RELEASE]
	at org.springframework.web.context.support.XmlWebApplicationContext.loadBeanDefinitions(XmlWebApplicationContext.java:94) ~[spring-web-4.2.8.RELEASE.jar:4.2.8.RELEASE]
	at org.springframework.context.support.AbstractRefreshableApplicationContext.refreshBeanFactory(AbstractRefreshableApplicationContext.java:129) ~[spring-context-4.2.8.RELEASE.jar:4.2.8.RELEASE]
	at org.springframework.context.support.AbstractApplicationContext.obtainFreshBeanFactory(AbstractApplicationContext.java:609) ~[spring-context-4.2.8.RELEASE.jar:4.2.8.RELEASE]
	at org.springframework.context.support.AbstractApplicationContext.refresh(AbstractApplicationContext.java:510) ~[spring-context-4.2.8.RELEASE.jar:4.2.8.RELEASE]
	at org.springframework.web.context.ContextLoader.configureAndRefreshWebApplicationContext(ContextLoader.java:444) ~[spring-web-4.2.8.RELEASE.jar:4.2.8.RELEASE]
	at org.springframework.web.context.ContextLoader.initWebApplicationContext(ContextLoader.java:326) [spring-web-4.2.8.RELEASE.jar:4.2.8.RELEASE]
	at org.springframework.web.context.ContextLoaderListener.contextInitialized(ContextLoaderListener.java:107) [spring-web-4.2.8.RELEASE.jar:4.2.8.RELEASE]
	at org.eclipse.jetty.server.handler.ContextHandler.callContextInitialized(ContextHandler.java:835) [jetty-server-9.3.6.v20151106.jar:9.3.6.v20151106]
	at org.eclipse.jetty.servlet.ServletContextHandler.callContextInitialized(ServletContextHandler.java:530) [jetty-servlet-9.3.6.v20151106.jar:9.3.6.v20151106]
	at org.eclipse.jetty.server.handler.ContextHandler.startContext(ContextHandler.java:808) [jetty-server-9.3.6.v20151106.jar:9.3.6.v20151106]
	at org.eclipse.jetty.servlet.ServletContextHandler.startContext(ServletContextHandler.java:342) [jetty-servlet-9.3.6.v20151106.jar:9.3.6.v20151106]
	at org.eclipse.jetty.webapp.WebAppContext.startWebapp(WebAppContext.java:1379) [jetty-webapp-9.3.6.v20151106.jar:9.3.6.v20151106]
	at org.eclipse.jetty.maven.plugin.JettyWebAppContext.startWebapp(JettyWebAppContext.java:323) [jetty-maven-plugin-9.3.6.v20151106.jar:9.3.6.v20151106]
	at org.eclipse.jetty.webapp.WebAppContext.startContext(WebAppContext.java:1341) [jetty-webapp-9.3.6.v20151106.jar:9.3.6.v20151106]
	at org.eclipse.jetty.server.handler.ContextHandler.doStart(ContextHandler.java:772) [jetty-server-9.3.6.v20151106.jar:9.3.6.v20151106]
	at org.eclipse.jetty.servlet.ServletContextHandler.doStart(ServletContextHandler.java:259) [jetty-servlet-9.3.6.v20151106.jar:9.3.6.v20151106]
	at org.eclipse.jetty.webapp.WebAppContext.doStart(WebAppContext.java:517) [jetty-webapp-9.3.6.v20151106.jar:9.3.6.v20151106]
	at org.eclipse.jetty.maven.plugin.JettyWebAppContext.doStart(JettyWebAppContext.java:398) [jetty-maven-plugin-9.3.6.v20151106.jar:9.3.6.v20151106]
	at org.eclipse.jetty.util.component.AbstractLifeCycle.start(AbstractLifeCycle.java:68) [jetty-util-9.3.6.v20151106.jar:9.3.6.v20151106]
	at org.eclipse.jetty.util.component.ContainerLifeCycle.start(ContainerLifeCycle.java:132) [jetty-util-9.3.6.v20151106.jar:9.3.6.v20151106]
	at org.eclipse.jetty.util.component.ContainerLifeCycle.doStart(ContainerLifeCycle.java:114) [jetty-util-9.3.6.v20151106.jar:9.3.6.v20151106]
	at org.eclipse.jetty.server.handler.AbstractHandler.doStart(AbstractHandler.java:61) [jetty-server-9.3.6.v20151106.jar:9.3.6.v20151106]
	at org.eclipse.jetty.server.handler.ContextHandlerCollection.doStart(ContextHandlerCollection.java:161) [jetty-server-9.3.6.v20151106.jar:9.3.6.v20151106]
	at org.eclipse.jetty.util.component.AbstractLifeCycle.start(AbstractLifeCycle.java:68) [jetty-util-9.3.6.v20151106.jar:9.3.6.v20151106]
	at org.eclipse.jetty.util.component.ContainerLifeCycle.start(ContainerLifeCycle.java:132) [jetty-util-9.3.6.v20151106.jar:9.3.6.v20151106]
	at org.eclipse.jetty.util.component.ContainerLifeCycle.doStart(ContainerLifeCycle.java:114) [jetty-util-9.3.6.v20151106.jar:9.3.6.v20151106]
	at org.eclipse.jetty.server.handler.AbstractHandler.doStart(AbstractHandler.java:61) [jetty-server-9.3.6.v20151106.jar:9.3.6.v20151106]
	at org.eclipse.jetty.util.component.AbstractLifeCycle.start(AbstractLifeCycle.java:68) [jetty-util-9.3.6.v20151106.jar:9.3.6.v20151106]
	at org.eclipse.jetty.util.component.ContainerLifeCycle.start(ContainerLifeCycle.java:132) [jetty-util-9.3.6.v20151106.jar:9.3.6.v20151106]
	at org.eclipse.jetty.server.Server.start(Server.java:405) [jetty-server-9.3.6.v20151106.jar:9.3.6.v20151106]
	at org.eclipse.jetty.util.component.ContainerLifeCycle.doStart(ContainerLifeCycle.java:106) [jetty-util-9.3.6.v20151106.jar:9.3.6.v20151106]
	at org.eclipse.jetty.server.handler.AbstractHandler.doStart(AbstractHandler.java:61) [jetty-server-9.3.6.v20151106.jar:9.3.6.v20151106]
	at org.eclipse.jetty.server.Server.doStart(Server.java:372) [jetty-server-9.3.6.v20151106.jar:9.3.6.v20151106]
	at org.eclipse.jetty.util.component.AbstractLifeCycle.start(AbstractLifeCycle.java:68) [jetty-util-9.3.6.v20151106.jar:9.3.6.v20151106]
	at org.eclipse.jetty.maven.plugin.AbstractJettyMojo.startJetty(AbstractJettyMojo.java:460) [jetty-maven-plugin-9.3.6.v20151106.jar:9.3.6.v20151106]
	at org.eclipse.jetty.maven.plugin.AbstractJettyMojo.execute(AbstractJettyMojo.java:328) [jetty-maven-plugin-9.3.6.v20151106.jar:9.3.6.v20151106]
	at org.eclipse.jetty.maven.plugin.JettyRunMojo.execute(JettyRunMojo.java:170) [jetty-maven-plugin-9.3.6.v20151106.jar:9.3.6.v20151106]
	at org.apache.maven.plugin.DefaultBuildPluginManager.executeMojo(DefaultBuildPluginManager.java:137) [maven-core-3.5.4.jar:3.5.4]
	at org.apache.maven.lifecycle.internal.MojoExecutor.execute(MojoExecutor.java:208) [maven-core-3.5.4.jar:3.5.4]
	at org.apache.maven.lifecycle.internal.MojoExecutor.execute(MojoExecutor.java:154) [maven-core-3.5.4.jar:3.5.4]
	at org.apache.maven.lifecycle.internal.MojoExecutor.execute(MojoExecutor.java:146) [maven-core-3.5.4.jar:3.5.4]
	at org.apache.maven.lifecycle.internal.LifecycleModuleBuilder.buildProject(LifecycleModuleBuilder.java:117) [maven-core-3.5.4.jar:3.5.4]
	at org.apache.maven.lifecycle.internal.LifecycleModuleBuilder.buildProject(LifecycleModuleBuilder.java:81) [maven-core-3.5.4.jar:3.5.4]
	at org.apache.maven.lifecycle.internal.builder.singlethreaded.SingleThreadedBuilder.build(SingleThreadedBuilder.java:56) [maven-core-3.5.4.jar:3.5.4]
	at org.apache.maven.lifecycle.internal.LifecycleStarter.execute(LifecycleStarter.java:128) [maven-core-3.5.4.jar:3.5.4]
	at org.apache.maven.DefaultMaven.doExecute(DefaultMaven.java:305) [maven-core-3.5.4.jar:3.5.4]
	at org.apache.maven.DefaultMaven.doExecute(DefaultMaven.java:192) [maven-core-3.5.4.jar:3.5.4]
	at org.apache.maven.DefaultMaven.execute(DefaultMaven.java:105) [maven-core-3.5.4.jar:3.5.4]
	at org.apache.maven.cli.MavenCli.execute(MavenCli.java:954) [maven-embedder-3.5.4.jar:3.5.4]
	at org.apache.maven.cli.MavenCli.doMain(MavenCli.java:288) [maven-embedder-3.5.4.jar:3.5.4]
	at org.apache.maven.cli.MavenCli.main(MavenCli.java:192) [maven-embedder-3.5.4.jar:3.5.4]
	at sun.reflect.NativeMethodAccessorImpl.invoke0(Native Method) ~[?:1.8.0_111]
	at sun.reflect.NativeMethodAccessorImpl.invoke(NativeMethodAccessorImpl.java:62) ~[?:1.8.0_111]
	at sun.reflect.DelegatingMethodAccessorImpl.invoke(DelegatingMethodAccessorImpl.java:43) ~[?:1.8.0_111]
	at java.lang.reflect.Method.invoke(Method.java:498) ~[?:1.8.0_111]
	at org.codehaus.plexus.classworlds.launcher.Launcher.launchEnhanced(Launcher.java:289) [plexus-classworlds-2.5.2.jar:?]
	at org.codehaus.plexus.classworlds.launcher.Launcher.launch(Launcher.java:229) [plexus-classworlds-2.5.2.jar:?]
	at org.codehaus.plexus.classworlds.launcher.Launcher.mainWithExitCode(Launcher.java:415) [plexus-classworlds-2.5.2.jar:?]
	at org.codehaus.plexus.classworlds.launcher.Launcher.main(Launcher.java:356) [plexus-classworlds-2.5.2.jar:?]
Caused by: org.springframework.context.annotation.ConflictingBeanDefinitionException: Annotation-specified bean name 'newsServiceImpl' for bean class [com.bisa.health.shop.service.NewsServiceImpl] conflicts with existing, non-compatible bean definition of same name and class [com.bisa.health.shop.admin.service.NewsServiceImpl]
	at org.springframework.context.annotation.ClassPathBeanDefinitionScanner.checkCandidate(ClassPathBeanDefinitionScanner.java:320) ~[spring-context-4.2.8.RELEASE.jar:4.2.8.RELEASE]
	at org.springframework.context.annotation.ClassPathBeanDefinitionScanner.doScan(ClassPathBeanDefinitionScanner.java:259) ~[spring-context-4.2.8.RELEASE.jar:4.2.8.RELEASE]
	at org.springframework.context.annotation.ComponentScanBeanDefinitionParser.parse(ComponentScanBeanDefinitionParser.java:87) ~[spring-context-4.2.8.RELEASE.jar:4.2.8.RELEASE]
	at org.springframework.beans.factory.xml.NamespaceHandlerSupport.parse(NamespaceHandlerSupport.java:74) ~[spring-beans-4.2.8.RELEASE.jar:4.2.8.RELEASE]
	at org.springframework.beans.factory.xml.BeanDefinitionParserDelegate.parseCustomElement(BeanDefinitionParserDelegate.java:1411) ~[spring-beans-4.2.8.RELEASE.jar:4.2.8.RELEASE]
	at org.springframework.beans.factory.xml.BeanDefinitionParserDelegate.parseCustomElement(BeanDefinitionParserDelegate.java:1401) ~[spring-beans-4.2.8.RELEASE.jar:4.2.8.RELEASE]
	at org.springframework.beans.factory.xml.DefaultBeanDefinitionDocumentReader.parseBeanDefinitions(DefaultBeanDefinitionDocumentReader.java:168) ~[spring-beans-4.2.8.RELEASE.jar:4.2.8.RELEASE]
	at org.springframework.beans.factory.xml.DefaultBeanDefinitionDocumentReader.doRegisterBeanDefinitions(DefaultBeanDefinitionDocumentReader.java:138) ~[spring-beans-4.2.8.RELEASE.jar:4.2.8.RELEASE]
	at org.springframework.beans.factory.xml.DefaultBeanDefinitionDocumentReader.registerBeanDefinitions(DefaultBeanDefinitionDocumentReader.java:94) ~[spring-beans-4.2.8.RELEASE.jar:4.2.8.RELEASE]
	at org.springframework.beans.factory.xml.XmlBeanDefinitionReader.registerBeanDefinitions(XmlBeanDefinitionReader.java:508) ~[spring-beans-4.2.8.RELEASE.jar:4.2.8.RELEASE]
	at org.springframework.beans.factory.xml.XmlBeanDefinitionReader.doLoadBeanDefinitions(XmlBeanDefinitionReader.java:392) ~[spring-beans-4.2.8.RELEASE.jar:4.2.8.RELEASE]
	... 65 more

2019-01-14 12:18:18.708 [main] ERROR org.springframework.web.context.ContextLoader - Context initialization failed org.springframework.beans.factory.BeanDefinitionStoreException: Unexpected exception parsing XML document from class path resource [spring-config.xml]; nested exception is org.springframework.context.annotation.ConflictingBeanDefinitionException: Annotation-specified bean name 'classifyDaoImpl' for bean class [com.bisa.health.shop.dao.ClassifyDaoImpl] conflicts with existing, non-compatible bean definition of same name and class [com.bisa.health.shop.admin.dao.ClassifyDaoImpl]
	at org.springframework.beans.factory.xml.XmlBeanDefinitionReader.doLoadBeanDefinitions(XmlBeanDefinitionReader.java:414) ~[spring-beans-4.2.8.RELEASE.jar:4.2.8.RELEASE]
	at org.springframework.beans.factory.xml.XmlBeanDefinitionReader.loadBeanDefinitions(XmlBeanDefinitionReader.java:336) ~[spring-beans-4.2.8.RELEASE.jar:4.2.8.RELEASE]
	at org.springframework.beans.factory.xml.XmlBeanDefinitionReader.loadBeanDefinitions(XmlBeanDefinitionReader.java:304) ~[spring-beans-4.2.8.RELEASE.jar:4.2.8.RELEASE]
	at org.springframework.beans.factory.support.AbstractBeanDefinitionReader.loadBeanDefinitions(AbstractBeanDefinitionReader.java:181) ~[spring-beans-4.2.8.RELEASE.jar:4.2.8.RELEASE]
	at org.springframework.beans.factory.support.AbstractBeanDefinitionReader.loadBeanDefinitions(AbstractBeanDefinitionReader.java:217) ~[spring-beans-4.2.8.RELEASE.jar:4.2.8.RELEASE]
	at org.springframework.beans.factory.support.AbstractBeanDefinitionReader.loadBeanDefinitions(AbstractBeanDefinitionReader.java:188) ~[spring-beans-4.2.8.RELEASE.jar:4.2.8.RELEASE]
	at org.springframework.web.context.support.XmlWebApplicationContext.loadBeanDefinitions(XmlWebApplicationContext.java:125) ~[spring-web-4.2.8.RELEASE.jar:4.2.8.RELEASE]
	at org.springframework.web.context.support.XmlWebApplicationContext.loadBeanDefinitions(XmlWebApplicationContext.java:94) ~[spring-web-4.2.8.RELEASE.jar:4.2.8.RELEASE]
	at org.springframework.context.support.AbstractRefreshableApplicationContext.refreshBeanFactory(AbstractRefreshableApplicationContext.java:129) ~[spring-context-4.2.8.RELEASE.jar:4.2.8.RELEASE]
	at org.springframework.context.support.AbstractApplicationContext.obtainFreshBeanFactory(AbstractApplicationContext.java:609) ~[spring-context-4.2.8.RELEASE.jar:4.2.8.RELEASE]
	at org.springframework.context.support.AbstractApplicationContext.refresh(AbstractApplicationContext.java:510) ~[spring-context-4.2.8.RELEASE.jar:4.2.8.RELEASE]
	at org.springframework.web.context.ContextLoader.configureAndRefreshWebApplicationContext(ContextLoader.java:444) ~[spring-web-4.2.8.RELEASE.jar:4.2.8.RELEASE]
	at org.springframework.web.context.ContextLoader.initWebApplicationContext(ContextLoader.java:326) [spring-web-4.2.8.RELEASE.jar:4.2.8.RELEASE]
	at org.springframework.web.context.ContextLoaderListener.contextInitialized(ContextLoaderListener.java:107) [spring-web-4.2.8.RELEASE.jar:4.2.8.RELEASE]
	at org.eclipse.jetty.server.handler.ContextHandler.callContextInitialized(ContextHandler.java:835) [jetty-server-9.3.6.v20151106.jar:9.3.6.v20151106]
	at org.eclipse.jetty.servlet.ServletContextHandler.callContextInitialized(ServletContextHandler.java:530) [jetty-servlet-9.3.6.v20151106.jar:9.3.6.v20151106]
	at org.eclipse.jetty.server.handler.ContextHandler.startContext(ContextHandler.java:808) [jetty-server-9.3.6.v20151106.jar:9.3.6.v20151106]
	at org.eclipse.jetty.servlet.ServletContextHandler.startContext(ServletContextHandler.java:342) [jetty-servlet-9.3.6.v20151106.jar:9.3.6.v20151106]
	at org.eclipse.jetty.webapp.WebAppContext.startWebapp(WebAppContext.java:1379) [jetty-webapp-9.3.6.v20151106.jar:9.3.6.v20151106]
	at org.eclipse.jetty.maven.plugin.JettyWebAppContext.startWebapp(JettyWebAppContext.java:323) [jetty-maven-plugin-9.3.6.v20151106.jar:9.3.6.v20151106]
	at org.eclipse.jetty.webapp.WebAppContext.startContext(WebAppContext.java:1341) [jetty-webapp-9.3.6.v20151106.jar:9.3.6.v20151106]
	at org.eclipse.jetty.server.handler.ContextHandler.doStart(ContextHandler.java:772) [jetty-server-9.3.6.v20151106.jar:9.3.6.v20151106]
	at org.eclipse.jetty.servlet.ServletContextHandler.doStart(ServletContextHandler.java:259) [jetty-servlet-9.3.6.v20151106.jar:9.3.6.v20151106]
	at org.eclipse.jetty.webapp.WebAppContext.doStart(WebAppContext.java:517) [jetty-webapp-9.3.6.v20151106.jar:9.3.6.v20151106]
	at org.eclipse.jetty.maven.plugin.JettyWebAppContext.doStart(JettyWebAppContext.java:398) [jetty-maven-plugin-9.3.6.v20151106.jar:9.3.6.v20151106]
	at org.eclipse.jetty.util.component.AbstractLifeCycle.start(AbstractLifeCycle.java:68) [jetty-util-9.3.6.v20151106.jar:9.3.6.v20151106]
	at org.eclipse.jetty.util.component.ContainerLifeCycle.start(ContainerLifeCycle.java:132) [jetty-util-9.3.6.v20151106.jar:9.3.6.v20151106]
	at org.eclipse.jetty.util.component.ContainerLifeCycle.doStart(ContainerLifeCycle.java:114) [jetty-util-9.3.6.v20151106.jar:9.3.6.v20151106]
	at org.eclipse.jetty.server.handler.AbstractHandler.doStart(AbstractHandler.java:61) [jetty-server-9.3.6.v20151106.jar:9.3.6.v20151106]
	at org.eclipse.jetty.server.handler.ContextHandlerCollection.doStart(ContextHandlerCollection.java:161) [jetty-server-9.3.6.v20151106.jar:9.3.6.v20151106]
	at org.eclipse.jetty.util.component.AbstractLifeCycle.start(AbstractLifeCycle.java:68) [jetty-util-9.3.6.v20151106.jar:9.3.6.v20151106]
	at org.eclipse.jetty.util.component.ContainerLifeCycle.start(ContainerLifeCycle.java:132) [jetty-util-9.3.6.v20151106.jar:9.3.6.v20151106]
	at org.eclipse.jetty.util.component.ContainerLifeCycle.doStart(ContainerLifeCycle.java:114) [jetty-util-9.3.6.v20151106.jar:9.3.6.v20151106]
	at org.eclipse.jetty.server.handler.AbstractHandler.doStart(AbstractHandler.java:61) [jetty-server-9.3.6.v20151106.jar:9.3.6.v20151106]
	at org.eclipse.jetty.util.component.AbstractLifeCycle.start(AbstractLifeCycle.java:68) [jetty-util-9.3.6.v20151106.jar:9.3.6.v20151106]
	at org.eclipse.jetty.util.component.ContainerLifeCycle.start(ContainerLifeCycle.java:132) [jetty-util-9.3.6.v20151106.jar:9.3.6.v20151106]
	at org.eclipse.jetty.server.Server.start(Server.java:405) [jetty-server-9.3.6.v20151106.jar:9.3.6.v20151106]
	at org.eclipse.jetty.util.component.ContainerLifeCycle.doStart(ContainerLifeCycle.java:106) [jetty-util-9.3.6.v20151106.jar:9.3.6.v20151106]
	at org.eclipse.jetty.server.handler.AbstractHandler.doStart(AbstractHandler.java:61) [jetty-server-9.3.6.v20151106.jar:9.3.6.v20151106]
	at org.eclipse.jetty.server.Server.doStart(Server.java:372) [jetty-server-9.3.6.v20151106.jar:9.3.6.v20151106]
	at org.eclipse.jetty.util.component.AbstractLifeCycle.start(AbstractLifeCycle.java:68) [jetty-util-9.3.6.v20151106.jar:9.3.6.v20151106]
	at org.eclipse.jetty.maven.plugin.AbstractJettyMojo.startJetty(AbstractJettyMojo.java:460) [jetty-maven-plugin-9.3.6.v20151106.jar:9.3.6.v20151106]
	at org.eclipse.jetty.maven.plugin.AbstractJettyMojo.execute(AbstractJettyMojo.java:328) [jetty-maven-plugin-9.3.6.v20151106.jar:9.3.6.v20151106]
	at org.eclipse.jetty.maven.plugin.JettyRunMojo.execute(JettyRunMojo.java:170) [jetty-maven-plugin-9.3.6.v20151106.jar:9.3.6.v20151106]
	at org.apache.maven.plugin.DefaultBuildPluginManager.executeMojo(DefaultBuildPluginManager.java:137) [maven-core-3.5.4.jar:3.5.4]
	at org.apache.maven.lifecycle.internal.MojoExecutor.execute(MojoExecutor.java:208) [maven-core-3.5.4.jar:3.5.4]
	at org.apache.maven.lifecycle.internal.MojoExecutor.execute(MojoExecutor.java:154) [maven-core-3.5.4.jar:3.5.4]
	at org.apache.maven.lifecycle.internal.MojoExecutor.execute(MojoExecutor.java:146) [maven-core-3.5.4.jar:3.5.4]
	at org.apache.maven.lifecycle.internal.LifecycleModuleBuilder.buildProject(LifecycleModuleBuilder.java:117) [maven-core-3.5.4.jar:3.5.4]
	at org.apache.maven.lifecycle.internal.LifecycleModuleBuilder.buildProject(LifecycleModuleBuilder.java:81) [maven-core-3.5.4.jar:3.5.4]
	at org.apache.maven.lifecycle.internal.builder.singlethreaded.SingleThreadedBuilder.build(SingleThreadedBuilder.java:56) [maven-core-3.5.4.jar:3.5.4]
	at org.apache.maven.lifecycle.internal.LifecycleStarter.execute(LifecycleStarter.java:128) [maven-core-3.5.4.jar:3.5.4]
	at org.apache.maven.DefaultMaven.doExecute(DefaultMaven.java:305) [maven-core-3.5.4.jar:3.5.4]
	at org.apache.maven.DefaultMaven.doExecute(DefaultMaven.java:192) [maven-core-3.5.4.jar:3.5.4]
	at org.apache.maven.DefaultMaven.execute(DefaultMaven.java:105) [maven-core-3.5.4.jar:3.5.4]
	at org.apache.maven.cli.MavenCli.execute(MavenCli.java:954) [maven-embedder-3.5.4.jar:3.5.4]
	at org.apache.maven.cli.MavenCli.doMain(MavenCli.java:288) [maven-embedder-3.5.4.jar:3.5.4]
	at org.apache.maven.cli.MavenCli.main(MavenCli.java:192) [maven-embedder-3.5.4.jar:3.5.4]
	at sun.reflect.NativeMethodAccessorImpl.invoke0(Native Method) ~[?:1.8.0_111]
	at sun.reflect.NativeMethodAccessorImpl.invoke(NativeMethodAccessorImpl.java:62) ~[?:1.8.0_111]
	at sun.reflect.DelegatingMethodAccessorImpl.invoke(DelegatingMethodAccessorImpl.java:43) ~[?:1.8.0_111]
	at java.lang.reflect.Method.invoke(Method.java:498) ~[?:1.8.0_111]
	at org.codehaus.plexus.classworlds.launcher.Launcher.launchEnhanced(Launcher.java:289) [plexus-classworlds-2.5.2.jar:?]
	at org.codehaus.plexus.classworlds.launcher.Launcher.launch(Launcher.java:229) [plexus-classworlds-2.5.2.jar:?]
	at org.codehaus.plexus.classworlds.launcher.Launcher.mainWithExitCode(Launcher.java:415) [plexus-classworlds-2.5.2.jar:?]
	at org.codehaus.plexus.classworlds.launcher.Launcher.main(Launcher.java:356) [plexus-classworlds-2.5.2.jar:?]
Caused by: org.springframework.context.annotation.ConflictingBeanDefinitionException: Annotation-specified bean name 'classifyDaoImpl' for bean class [com.bisa.health.shop.dao.ClassifyDaoImpl] conflicts with existing, non-compatible bean definition of same name and class [com.bisa.health.shop.admin.dao.ClassifyDaoImpl]
	at org.springframework.context.annotation.ClassPathBeanDefinitionScanner.checkCandidate(ClassPathBeanDefinitionScanner.java:320) ~[spring-context-4.2.8.RELEASE.jar:4.2.8.RELEASE]
	at org.springframework.context.annotation.ClassPathBeanDefinitionScanner.doScan(ClassPathBeanDefinitionScanner.java:259) ~[spring-context-4.2.8.RELEASE.jar:4.2.8.RELEASE]
	at org.springframework.context.annotation.ComponentScanBeanDefinitionParser.parse(ComponentScanBeanDefinitionParser.java:87) ~[spring-context-4.2.8.RELEASE.jar:4.2.8.RELEASE]
	at org.springframework.beans.factory.xml.NamespaceHandlerSupport.parse(NamespaceHandlerSupport.java:74) ~[spring-beans-4.2.8.RELEASE.jar:4.2.8.RELEASE]
	at org.springframework.beans.factory.xml.BeanDefinitionParserDelegate.parseCustomElement(BeanDefinitionParserDelegate.java:1411) ~[spring-beans-4.2.8.RELEASE.jar:4.2.8.RELEASE]
	at org.springframework.beans.factory.xml.BeanDefinitionParserDelegate.parseCustomElement(BeanDefinitionParserDelegate.java:1401) ~[spring-beans-4.2.8.RELEASE.jar:4.2.8.RELEASE]
	at org.springframework.beans.factory.xml.DefaultBeanDefinitionDocumentReader.parseBeanDefinitions(DefaultBeanDefinitionDocumentReader.java:168) ~[spring-beans-4.2.8.RELEASE.jar:4.2.8.RELEASE]
	at org.springframework.beans.factory.xml.DefaultBeanDefinitionDocumentReader.doRegisterBeanDefinitions(DefaultBeanDefinitionDocumentReader.java:138) ~[spring-beans-4.2.8.RELEASE.jar:4.2.8.RELEASE]
	at org.springframework.beans.factory.xml.DefaultBeanDefinitionDocumentReader.registerBeanDefinitions(DefaultBeanDefinitionDocumentReader.java:94) ~[spring-beans-4.2.8.RELEASE.jar:4.2.8.RELEASE]
	at org.springframework.beans.factory.xml.XmlBeanDefinitionReader.registerBeanDefinitions(XmlBeanDefinitionReader.java:508) ~[spring-beans-4.2.8.RELEASE.jar:4.2.8.RELEASE]
	at org.springframework.beans.factory.xml.XmlBeanDefinitionReader.doLoadBeanDefinitions(XmlBeanDefinitionReader.java:392) ~[spring-beans-4.2.8.RELEASE.jar:4.2.8.RELEASE]
	... 65 more

2019-01-14 12:25:57.821 [qtp801620842-42] ERROR org.springframework.web.servlet.DispatcherServlet - Context initialization failed org.springframework.beans.factory.BeanDefinitionStoreException: Unexpected exception parsing XML document from class path resource [spring-mvc.xml]; nested exception is org.springframework.context.annotation.ConflictingBeanDefinitionException: Annotation-specified bean name 'indexController' for bean class [com.bisa.health.shop.controller.IndexController] conflicts with existing, non-compatible bean definition of same name and class [com.bisa.health.shop.admin.controller.IndexController]
	at org.springframework.beans.factory.xml.XmlBeanDefinitionReader.doLoadBeanDefinitions(XmlBeanDefinitionReader.java:414) ~[spring-beans-4.2.8.RELEASE.jar:4.2.8.RELEASE]
	at org.springframework.beans.factory.xml.XmlBeanDefinitionReader.loadBeanDefinitions(XmlBeanDefinitionReader.java:336) ~[spring-beans-4.2.8.RELEASE.jar:4.2.8.RELEASE]
	at org.springframework.beans.factory.xml.XmlBeanDefinitionReader.loadBeanDefinitions(XmlBeanDefinitionReader.java:304) ~[spring-beans-4.2.8.RELEASE.jar:4.2.8.RELEASE]
	at org.springframework.beans.factory.support.AbstractBeanDefinitionReader.loadBeanDefinitions(AbstractBeanDefinitionReader.java:181) ~[spring-beans-4.2.8.RELEASE.jar:4.2.8.RELEASE]
	at org.springframework.beans.factory.support.AbstractBeanDefinitionReader.loadBeanDefinitions(AbstractBeanDefinitionReader.java:217) ~[spring-beans-4.2.8.RELEASE.jar:4.2.8.RELEASE]
	at org.springframework.beans.factory.support.AbstractBeanDefinitionReader.loadBeanDefinitions(AbstractBeanDefinitionReader.java:188) ~[spring-beans-4.2.8.RELEASE.jar:4.2.8.RELEASE]
	at org.springframework.web.context.support.XmlWebApplicationContext.loadBeanDefinitions(XmlWebApplicationContext.java:125) ~[spring-web-4.2.8.RELEASE.jar:4.2.8.RELEASE]
	at org.springframework.web.context.support.XmlWebApplicationContext.loadBeanDefinitions(XmlWebApplicationContext.java:94) ~[spring-web-4.2.8.RELEASE.jar:4.2.8.RELEASE]
	at org.springframework.context.support.AbstractRefreshableApplicationContext.refreshBeanFactory(AbstractRefreshableApplicationContext.java:129) ~[spring-context-4.2.8.RELEASE.jar:4.2.8.RELEASE]
	at org.springframework.context.support.AbstractApplicationContext.obtainFreshBeanFactory(AbstractApplicationContext.java:609) ~[spring-context-4.2.8.RELEASE.jar:4.2.8.RELEASE]
	at org.springframework.context.support.AbstractApplicationContext.refresh(AbstractApplicationContext.java:510) ~[spring-context-4.2.8.RELEASE.jar:4.2.8.RELEASE]
	at org.springframework.web.servlet.FrameworkServlet.configureAndRefreshWebApplicationContext(FrameworkServlet.java:666) ~[spring-webmvc-4.2.8.RELEASE.jar:4.2.8.RELEASE]
	at org.springframework.web.servlet.FrameworkServlet.createWebApplicationContext(FrameworkServlet.java:632) ~[spring-webmvc-4.2.8.RELEASE.jar:4.2.8.RELEASE]
	at org.springframework.web.servlet.FrameworkServlet.createWebApplicationContext(FrameworkServlet.java:680) ~[spring-webmvc-4.2.8.RELEASE.jar:4.2.8.RELEASE]
	at org.springframework.web.servlet.FrameworkServlet.initWebApplicationContext(FrameworkServlet.java:551) ~[spring-webmvc-4.2.8.RELEASE.jar:4.2.8.RELEASE]
	at org.springframework.web.servlet.FrameworkServlet.initServletBean(FrameworkServlet.java:492) [spring-webmvc-4.2.8.RELEASE.jar:4.2.8.RELEASE]
	at org.springframework.web.servlet.HttpServletBean.init(HttpServletBean.java:136) [spring-webmvc-4.2.8.RELEASE.jar:4.2.8.RELEASE]
	at javax.servlet.GenericServlet.init(GenericServlet.java:244) [javax.servlet-api-3.1.0.jar:3.1.0]
	at org.eclipse.jetty.servlet.ServletHolder.initServlet(ServletHolder.java:626) [jetty-servlet-9.3.6.v20151106.jar:9.3.6.v20151106]
	at org.eclipse.jetty.servlet.ServletHolder.getServlet(ServletHolder.java:482) [jetty-servlet-9.3.6.v20151106.jar:9.3.6.v20151106]
	at org.eclipse.jetty.servlet.ServletHolder.ensureInstance(ServletHolder.java:774) [jetty-servlet-9.3.6.v20151106.jar:9.3.6.v20151106]
	at org.eclipse.jetty.servlet.ServletHolder.prepare(ServletHolder.java:759) [jetty-servlet-9.3.6.v20151106.jar:9.3.6.v20151106]
	at org.eclipse.jetty.servlet.ServletHandler.doHandle(ServletHandler.java:578) [jetty-servlet-9.3.6.v20151106.jar:9.3.6.v20151106]
	at org.eclipse.jetty.server.handler.ScopedHandler.handle(ScopedHandler.java:143) [jetty-server-9.3.6.v20151106.jar:9.3.6.v20151106]
	at org.eclipse.jetty.security.SecurityHandler.handle(SecurityHandler.java:548) [jetty-security-9.3.6.v20151106.jar:9.3.6.v20151106]
	at org.eclipse.jetty.server.session.SessionHandler.doHandle(SessionHandler.java:226) [jetty-server-9.3.6.v20151106.jar:9.3.6.v20151106]
	at org.eclipse.jetty.server.handler.ContextHandler.doHandle(ContextHandler.java:1158) [jetty-server-9.3.6.v20151106.jar:9.3.6.v20151106]
	at org.eclipse.jetty.servlet.ServletHandler.doScope(ServletHandler.java:511) [jetty-servlet-9.3.6.v20151106.jar:9.3.6.v20151106]
	at org.eclipse.jetty.server.session.SessionHandler.doScope(SessionHandler.java:185) [jetty-server-9.3.6.v20151106.jar:9.3.6.v20151106]
	at org.eclipse.jetty.server.handler.ContextHandler.doScope(ContextHandler.java:1090) [jetty-server-9.3.6.v20151106.jar:9.3.6.v20151106]
	at org.eclipse.jetty.server.handler.ScopedHandler.handle(ScopedHandler.java:141) [jetty-server-9.3.6.v20151106.jar:9.3.6.v20151106]
	at org.eclipse.jetty.server.handler.ContextHandlerCollection.handle(ContextHandlerCollection.java:213) [jetty-server-9.3.6.v20151106.jar:9.3.6.v20151106]
	at org.eclipse.jetty.server.handler.HandlerCollection.handle(HandlerCollection.java:109) [jetty-server-9.3.6.v20151106.jar:9.3.6.v20151106]
	at org.eclipse.jetty.server.handler.HandlerWrapper.handle(HandlerWrapper.java:119) [jetty-server-9.3.6.v20151106.jar:9.3.6.v20151106]
	at org.eclipse.jetty.server.Server.handle(Server.java:517) [jetty-server-9.3.6.v20151106.jar:9.3.6.v20151106]
	at org.eclipse.jetty.server.HttpChannel.handle(HttpChannel.java:308) [jetty-server-9.3.6.v20151106.jar:9.3.6.v20151106]
	at org.eclipse.jetty.server.HttpConnection.onFillable(HttpConnection.java:242) [jetty-server-9.3.6.v20151106.jar:9.3.6.v20151106]
	at org.eclipse.jetty.io.AbstractConnection$ReadCallback.succeeded(AbstractConnection.java:261) [jetty-io-9.3.6.v20151106.jar:9.3.6.v20151106]
	at org.eclipse.jetty.io.FillInterest.fillable(FillInterest.java:95) [jetty-io-9.3.6.v20151106.jar:9.3.6.v20151106]
	at org.eclipse.jetty.io.ssl.SslConnection.onFillable(SslConnection.java:192) [jetty-io-9.3.6.v20151106.jar:9.3.6.v20151106]
	at org.eclipse.jetty.io.AbstractConnection$ReadCallback.succeeded(AbstractConnection.java:261) [jetty-io-9.3.6.v20151106.jar:9.3.6.v20151106]
	at org.eclipse.jetty.io.FillInterest.fillable(FillInterest.java:95) [jetty-io-9.3.6.v20151106.jar:9.3.6.v20151106]
	at org.eclipse.jetty.io.SelectChannelEndPoint$2.run(SelectChannelEndPoint.java:75) [jetty-io-9.3.6.v20151106.jar:9.3.6.v20151106]
	at org.eclipse.jetty.util.thread.strategy.ExecuteProduceConsume.produceAndRun(ExecuteProduceConsume.java:213) [jetty-util-9.3.6.v20151106.jar:9.3.6.v20151106]
	at org.eclipse.jetty.util.thread.strategy.ExecuteProduceConsume.run(ExecuteProduceConsume.java:147) [jetty-util-9.3.6.v20151106.jar:9.3.6.v20151106]
	at org.eclipse.jetty.util.thread.QueuedThreadPool.runJob(QueuedThreadPool.java:654) [jetty-util-9.3.6.v20151106.jar:9.3.6.v20151106]
	at org.eclipse.jetty.util.thread.QueuedThreadPool$3.run(QueuedThreadPool.java:572) [jetty-util-9.3.6.v20151106.jar:9.3.6.v20151106]
	at java.lang.Thread.run(Thread.java:745) [?:1.8.0_111]
Caused by: org.springframework.context.annotation.ConflictingBeanDefinitionException: Annotation-specified bean name 'indexController' for bean class [com.bisa.health.shop.controller.IndexController] conflicts with existing, non-compatible bean definition of same name and class [com.bisa.health.shop.admin.controller.IndexController]
	at org.springframework.context.annotation.ClassPathBeanDefinitionScanner.checkCandidate(ClassPathBeanDefinitionScanner.java:320) ~[spring-context-4.2.8.RELEASE.jar:4.2.8.RELEASE]
	at org.springframework.context.annotation.ClassPathBeanDefinitionScanner.doScan(ClassPathBeanDefinitionScanner.java:259) ~[spring-context-4.2.8.RELEASE.jar:4.2.8.RELEASE]
	at org.springframework.context.annotation.ComponentScanBeanDefinitionParser.parse(ComponentScanBeanDefinitionParser.java:87) ~[spring-context-4.2.8.RELEASE.jar:4.2.8.RELEASE]
	at org.springframework.beans.factory.xml.NamespaceHandlerSupport.parse(NamespaceHandlerSupport.java:74) ~[spring-beans-4.2.8.RELEASE.jar:4.2.8.RELEASE]
	at org.springframework.beans.factory.xml.BeanDefinitionParserDelegate.parseCustomElement(BeanDefinitionParserDelegate.java:1411) ~[spring-beans-4.2.8.RELEASE.jar:4.2.8.RELEASE]
	at org.springframework.beans.factory.xml.BeanDefinitionParserDelegate.parseCustomElement(BeanDefinitionParserDelegate.java:1401) ~[spring-beans-4.2.8.RELEASE.jar:4.2.8.RELEASE]
	at org.springframework.beans.factory.xml.DefaultBeanDefinitionDocumentReader.parseBeanDefinitions(DefaultBeanDefinitionDocumentReader.java:168) ~[spring-beans-4.2.8.RELEASE.jar:4.2.8.RELEASE]
	at org.springframework.beans.factory.xml.DefaultBeanDefinitionDocumentReader.doRegisterBeanDefinitions(DefaultBeanDefinitionDocumentReader.java:138) ~[spring-beans-4.2.8.RELEASE.jar:4.2.8.RELEASE]
	at org.springframework.beans.factory.xml.DefaultBeanDefinitionDocumentReader.registerBeanDefinitions(DefaultBeanDefinitionDocumentReader.java:94) ~[spring-beans-4.2.8.RELEASE.jar:4.2.8.RELEASE]
	at org.springframework.beans.factory.xml.XmlBeanDefinitionReader.registerBeanDefinitions(XmlBeanDefinitionReader.java:508) ~[spring-beans-4.2.8.RELEASE.jar:4.2.8.RELEASE]
	at org.springframework.beans.factory.xml.XmlBeanDefinitionReader.doLoadBeanDefinitions(XmlBeanDefinitionReader.java:392) ~[spring-beans-4.2.8.RELEASE.jar:4.2.8.RELEASE]
	... 47 more

2019-01-14 12:28:05.182 [qtp1751171072-41] ERROR org.springframework.web.servlet.DispatcherServlet - Context initialization failed org.springframework.beans.factory.BeanCreationException: Error creating bean with name 'adminOrderController': Injection of autowired dependencies failed; nested exception is org.springframework.beans.factory.BeanCreationException: Could not autowire field: private java.lang.String com.bisa.health.shop.admin.controller.AdminOrderController.shopUrl; nested exception is java.lang.IllegalArgumentException: Could not resolve placeholder 'access.allow.url' in string value "${access.allow.url}"
	at org.springframework.beans.factory.annotation.AutowiredAnnotationBeanPostProcessor.postProcessPropertyValues(AutowiredAnnotationBeanPostProcessor.java:334) ~[spring-beans-4.2.8.RELEASE.jar:4.2.8.RELEASE]
	at org.springframework.beans.factory.support.AbstractAutowireCapableBeanFactory.populateBean(AbstractAutowireCapableBeanFactory.java:1218) ~[spring-beans-4.2.8.RELEASE.jar:4.2.8.RELEASE]
	at org.springframework.beans.factory.support.AbstractAutowireCapableBeanFactory.doCreateBean(AbstractAutowireCapableBeanFactory.java:543) ~[spring-beans-4.2.8.RELEASE.jar:4.2.8.RELEASE]
	at org.springframework.beans.factory.support.AbstractAutowireCapableBeanFactory.createBean(AbstractAutowireCapableBeanFactory.java:482) ~[spring-beans-4.2.8.RELEASE.jar:4.2.8.RELEASE]
	at org.springframework.beans.factory.support.AbstractBeanFactory$1.getObject(AbstractBeanFactory.java:306) ~[spring-beans-4.2.8.RELEASE.jar:4.2.8.RELEASE]
	at org.springframework.beans.factory.support.DefaultSingletonBeanRegistry.getSingleton(DefaultSingletonBeanRegistry.java:230) ~[spring-beans-4.2.8.RELEASE.jar:4.2.8.RELEASE]
	at org.springframework.beans.factory.support.AbstractBeanFactory.doGetBean(AbstractBeanFactory.java:302) ~[spring-beans-4.2.8.RELEASE.jar:4.2.8.RELEASE]
	at org.springframework.beans.factory.support.AbstractBeanFactory.getBean(AbstractBeanFactory.java:197) ~[spring-beans-4.2.8.RELEASE.jar:4.2.8.RELEASE]
	at org.springframework.beans.factory.support.DefaultListableBeanFactory.preInstantiateSingletons(DefaultListableBeanFactory.java:778) ~[spring-beans-4.2.8.RELEASE.jar:4.2.8.RELEASE]
	at org.springframework.context.support.AbstractApplicationContext.finishBeanFactoryInitialization(AbstractApplicationContext.java:839) ~[spring-context-4.2.8.RELEASE.jar:4.2.8.RELEASE]
	at org.springframework.context.support.AbstractApplicationContext.refresh(AbstractApplicationContext.java:538) ~[spring-context-4.2.8.RELEASE.jar:4.2.8.RELEASE]
	at org.springframework.web.servlet.FrameworkServlet.configureAndRefreshWebApplicationContext(FrameworkServlet.java:666) ~[spring-webmvc-4.2.8.RELEASE.jar:4.2.8.RELEASE]
	at org.springframework.web.servlet.FrameworkServlet.createWebApplicationContext(FrameworkServlet.java:632) ~[spring-webmvc-4.2.8.RELEASE.jar:4.2.8.RELEASE]
	at org.springframework.web.servlet.FrameworkServlet.createWebApplicationContext(FrameworkServlet.java:680) ~[spring-webmvc-4.2.8.RELEASE.jar:4.2.8.RELEASE]
	at org.springframework.web.servlet.FrameworkServlet.initWebApplicationContext(FrameworkServlet.java:551) ~[spring-webmvc-4.2.8.RELEASE.jar:4.2.8.RELEASE]
	at org.springframework.web.servlet.FrameworkServlet.initServletBean(FrameworkServlet.java:492) [spring-webmvc-4.2.8.RELEASE.jar:4.2.8.RELEASE]
	at org.springframework.web.servlet.HttpServletBean.init(HttpServletBean.java:136) [spring-webmvc-4.2.8.RELEASE.jar:4.2.8.RELEASE]
	at javax.servlet.GenericServlet.init(GenericServlet.java:244) [javax.servlet-api-3.1.0.jar:3.1.0]
	at org.eclipse.jetty.servlet.ServletHolder.initServlet(ServletHolder.java:626) [jetty-servlet-9.3.6.v20151106.jar:9.3.6.v20151106]
	at org.eclipse.jetty.servlet.ServletHolder.getServlet(ServletHolder.java:482) [jetty-servlet-9.3.6.v20151106.jar:9.3.6.v20151106]
	at org.eclipse.jetty.servlet.ServletHolder.ensureInstance(ServletHolder.java:774) [jetty-servlet-9.3.6.v20151106.jar:9.3.6.v20151106]
	at org.eclipse.jetty.servlet.ServletHolder.prepare(ServletHolder.java:759) [jetty-servlet-9.3.6.v20151106.jar:9.3.6.v20151106]
	at org.eclipse.jetty.servlet.ServletHandler.doHandle(ServletHandler.java:578) [jetty-servlet-9.3.6.v20151106.jar:9.3.6.v20151106]
	at org.eclipse.jetty.server.handler.ScopedHandler.handle(ScopedHandler.java:143) [jetty-server-9.3.6.v20151106.jar:9.3.6.v20151106]
	at org.eclipse.jetty.security.SecurityHandler.handle(SecurityHandler.java:548) [jetty-security-9.3.6.v20151106.jar:9.3.6.v20151106]
	at org.eclipse.jetty.server.session.SessionHandler.doHandle(SessionHandler.java:226) [jetty-server-9.3.6.v20151106.jar:9.3.6.v20151106]
	at org.eclipse.jetty.server.handler.ContextHandler.doHandle(ContextHandler.java:1158) [jetty-server-9.3.6.v20151106.jar:9.3.6.v20151106]
	at org.eclipse.jetty.servlet.ServletHandler.doScope(ServletHandler.java:511) [jetty-servlet-9.3.6.v20151106.jar:9.3.6.v20151106]
	at org.eclipse.jetty.server.session.SessionHandler.doScope(SessionHandler.java:185) [jetty-server-9.3.6.v20151106.jar:9.3.6.v20151106]
	at org.eclipse.jetty.server.handler.ContextHandler.doScope(ContextHandler.java:1090) [jetty-server-9.3.6.v20151106.jar:9.3.6.v20151106]
	at org.eclipse.jetty.server.handler.ScopedHandler.handle(ScopedHandler.java:141) [jetty-server-9.3.6.v20151106.jar:9.3.6.v20151106]
	at org.eclipse.jetty.server.handler.ContextHandlerCollection.handle(ContextHandlerCollection.java:213) [jetty-server-9.3.6.v20151106.jar:9.3.6.v20151106]
	at org.eclipse.jetty.server.handler.HandlerCollection.handle(HandlerCollection.java:109) [jetty-server-9.3.6.v20151106.jar:9.3.6.v20151106]
	at org.eclipse.jetty.server.handler.HandlerWrapper.handle(HandlerWrapper.java:119) [jetty-server-9.3.6.v20151106.jar:9.3.6.v20151106]
	at org.eclipse.jetty.server.Server.handle(Server.java:517) [jetty-server-9.3.6.v20151106.jar:9.3.6.v20151106]
	at org.eclipse.jetty.server.HttpChannel.handle(HttpChannel.java:308) [jetty-server-9.3.6.v20151106.jar:9.3.6.v20151106]
	at org.eclipse.jetty.server.HttpConnection.onFillable(HttpConnection.java:242) [jetty-server-9.3.6.v20151106.jar:9.3.6.v20151106]
	at org.eclipse.jetty.io.AbstractConnection$ReadCallback.succeeded(AbstractConnection.java:261) [jetty-io-9.3.6.v20151106.jar:9.3.6.v20151106]
	at org.eclipse.jetty.io.FillInterest.fillable(FillInterest.java:95) [jetty-io-9.3.6.v20151106.jar:9.3.6.v20151106]
	at org.eclipse.jetty.io.ssl.SslConnection.onFillable(SslConnection.java:192) [jetty-io-9.3.6.v20151106.jar:9.3.6.v20151106]
	at org.eclipse.jetty.io.AbstractConnection$ReadCallback.succeeded(AbstractConnection.java:261) [jetty-io-9.3.6.v20151106.jar:9.3.6.v20151106]
	at org.eclipse.jetty.io.FillInterest.fillable(FillInterest.java:95) [jetty-io-9.3.6.v20151106.jar:9.3.6.v20151106]
	at org.eclipse.jetty.io.SelectChannelEndPoint$2.run(SelectChannelEndPoint.java:75) [jetty-io-9.3.6.v20151106.jar:9.3.6.v20151106]
	at org.eclipse.jetty.util.thread.strategy.ExecuteProduceConsume.produceAndRun(ExecuteProduceConsume.java:213) [jetty-util-9.3.6.v20151106.jar:9.3.6.v20151106]
	at org.eclipse.jetty.util.thread.strategy.ExecuteProduceConsume.run(ExecuteProduceConsume.java:147) [jetty-util-9.3.6.v20151106.jar:9.3.6.v20151106]
	at org.eclipse.jetty.util.thread.QueuedThreadPool.runJob(QueuedThreadPool.java:654) [jetty-util-9.3.6.v20151106.jar:9.3.6.v20151106]
	at org.eclipse.jetty.util.thread.QueuedThreadPool$3.run(QueuedThreadPool.java:572) [jetty-util-9.3.6.v20151106.jar:9.3.6.v20151106]
	at java.lang.Thread.run(Thread.java:745) [?:1.8.0_111]
Caused by: org.springframework.beans.factory.BeanCreationException: Could not autowire field: private java.lang.String com.bisa.health.shop.admin.controller.AdminOrderController.shopUrl; nested exception is java.lang.IllegalArgumentException: Could not resolve placeholder 'access.allow.url' in string value "${access.allow.url}"
	at org.springframework.beans.factory.annotation.AutowiredAnnotationBeanPostProcessor$AutowiredFieldElement.inject(AutowiredAnnotationBeanPostProcessor.java:573) ~[spring-beans-4.2.8.RELEASE.jar:4.2.8.RELEASE]
	at org.springframework.beans.factory.annotation.InjectionMetadata.inject(InjectionMetadata.java:88) ~[spring-beans-4.2.8.RELEASE.jar:4.2.8.RELEASE]
	at org.springframework.beans.factory.annotation.AutowiredAnnotationBeanPostProcessor.postProcessPropertyValues(AutowiredAnnotationBeanPostProcessor.java:331) ~[spring-beans-4.2.8.RELEASE.jar:4.2.8.RELEASE]
	... 47 more
Caused by: java.lang.IllegalArgumentException: Could not resolve placeholder 'access.allow.url' in string value "${access.allow.url}"
	at org.springframework.util.PropertyPlaceholderHelper.parseStringValue(PropertyPlaceholderHelper.java:174) ~[spring-core-4.2.8.RELEASE.jar:4.2.8.RELEASE]
	at org.springframework.util.PropertyPlaceholderHelper.replacePlaceholders(PropertyPlaceholderHelper.java:126) ~[spring-core-4.2.8.RELEASE.jar:4.2.8.RELEASE]
	at org.springframework.core.env.AbstractPropertyResolver.doResolvePlaceholders(AbstractPropertyResolver.java:204) ~[spring-core-4.2.8.RELEASE.jar:4.2.8.RELEASE]
	at org.springframework.core.env.AbstractPropertyResolver.resolveRequiredPlaceholders(AbstractPropertyResolver.java:178) ~[spring-core-4.2.8.RELEASE.jar:4.2.8.RELEASE]
	at org.springframework.context.support.PropertySourcesPlaceholderConfigurer$2.resolveStringValue(PropertySourcesPlaceholderConfigurer.java:172) ~[spring-context-4.2.8.RELEASE.jar:4.2.8.RELEASE]
	at org.springframework.beans.factory.support.AbstractBeanFactory.resolveEmbeddedValue(AbstractBeanFactory.java:808) ~[spring-beans-4.2.8.RELEASE.jar:4.2.8.RELEASE]
	at org.springframework.beans.factory.support.DefaultListableBeanFactory.doResolveDependency(DefaultListableBeanFactory.java:1034) ~[spring-beans-4.2.8.RELEASE.jar:4.2.8.RELEASE]
	at org.springframework.beans.factory.support.DefaultListableBeanFactory.resolveDependency(DefaultListableBeanFactory.java:1021) ~[spring-beans-4.2.8.RELEASE.jar:4.2.8.RELEASE]
	at org.springframework.beans.factory.annotation.AutowiredAnnotationBeanPostProcessor$AutowiredFieldElement.inject(AutowiredAnnotationBeanPostProcessor.java:545) ~[spring-beans-4.2.8.RELEASE.jar:4.2.8.RELEASE]
	at org.springframework.beans.factory.annotation.InjectionMetadata.inject(InjectionMetadata.java:88) ~[spring-beans-4.2.8.RELEASE.jar:4.2.8.RELEASE]
	at org.springframework.beans.factory.annotation.AutowiredAnnotationBeanPostProcessor.postProcessPropertyValues(AutowiredAnnotationBeanPostProcessor.java:331) ~[spring-beans-4.2.8.RELEASE.jar:4.2.8.RELEASE]
	... 47 more

